cl : 명령줄  warning D9035: 'Gm' 옵션은 더 이상 사용되지 않으므로 이후 릴리스에서 제거될 예정입니다.
  virtualLego.cpp
C:\Users\kimso\Desktop\oop_proj3_sowon\OOP_proj3\oop16_proj3\virtualLego.cpp(1,1): warning C4819: 현재 코드 페이지(949)에서 표시할 수 없는 문자가 파일에 들어 있습니다. 데이터가 손실되지 않게 하려면 해당 파일을 유니코드 형식으로 저장하십시오.
C:\Users\kimso\Desktop\oop_proj3_sowon\OOP_proj3\oop16_proj3\d3dUtility.h(23,1): warning C4005: 'INFINITY': 매크로 재정의
C:\Program Files (x86)\Windows Kits\10\Include\10.0.22000.0\ucrt\corecrt_math.h(88,1): message : 'INFINITY'의 이전 정의를 참조하십시오.
C:\Users\kimso\Desktop\oop_proj3_sowon\OOP_proj3\oop16_proj3\virtualLego.cpp(116,18): warning C4244: '초기화 중': 'double'에서 'float'(으)로 변환하면서 데이터가 손실될 수 있습니다.
C:\Users\kimso\Desktop\oop_proj3_sowon\OOP_proj3\oop16_proj3\virtualLego.cpp(117,18): warning C4244: '초기화 중': 'double'에서 'float'(으)로 변환하면서 데이터가 손실될 수 있습니다.
C:\Users\kimso\Desktop\oop_proj3_sowon\OOP_proj3\oop16_proj3\virtualLego.cpp(131,1): warning C4305: '초기화 중': 'double'에서 'float'(으)로 잘립니다.
C:\Users\kimso\Desktop\oop_proj3_sowon\OOP_proj3\oop16_proj3\virtualLego.cpp(170,24): warning C4244: '=': 'double'에서 'float'(으)로 변환하면서 데이터가 손실될 수 있습니다.
C:\Users\kimso\Desktop\oop_proj3_sowon\OOP_proj3\oop16_proj3\virtualLego.cpp(171,24): warning C4244: '=': 'double'에서 'float'(으)로 변환하면서 데이터가 손실될 수 있습니다.
C:\Users\kimso\Desktop\oop_proj3_sowon\OOP_proj3\oop16_proj3\virtualLego.cpp(295,30): warning C4305: 'return': 'double'에서 'float'(으)로 잘립니다.
C:\Users\kimso\Desktop\oop_proj3_sowon\OOP_proj3\oop16_proj3\virtualLego.cpp(341,1): warning C4305: '인수': 'double'에서 'FLOAT'(으)로 잘립니다.
C:\Users\kimso\Desktop\oop_proj3_sowon\OOP_proj3\oop16_proj3\virtualLego.cpp(402,16): warning C4244: '초기화 중': 'double'에서 'float'(으)로 변환하면서 데이터가 손실될 수 있습니다.
C:\Users\kimso\Desktop\oop_proj3_sowon\OOP_proj3\oop16_proj3\virtualLego.cpp(503,1): warning C4305: '초기화 중': 'double'에서 'float'(으)로 잘립니다.
C:\Users\kimso\Desktop\oop_proj3_sowon\OOP_proj3\oop16_proj3\virtualLego.cpp(523,24): warning C4244: '=': 'double'에서 'float'(으)로 변환하면서 데이터가 손실될 수 있습니다.
C:\Users\kimso\Desktop\oop_proj3_sowon\OOP_proj3\oop16_proj3\virtualLego.cpp(524,24): warning C4244: '=': 'double'에서 'float'(으)로 변환하면서 데이터가 손실될 수 있습니다.
C:\Users\kimso\Desktop\oop_proj3_sowon\OOP_proj3\oop16_proj3\virtualLego.cpp(542,16): warning C4244: '초기화 중': 'double'에서 'float'(으)로 변환하면서 데이터가 손실될 수 있습니다.
C:\Users\kimso\Desktop\oop_proj3_sowon\OOP_proj3\oop16_proj3\virtualLego.cpp(543,15): warning C4244: '초기화 중': 'double'에서 'float'(으)로 변환하면서 데이터가 손실될 수 있습니다.
C:\Users\kimso\Desktop\oop_proj3_sowon\OOP_proj3\oop16_proj3\virtualLego.cpp(545,19): warning C4244: '=': 'double'에서 'float'(으)로 변환하면서 데이터가 손실될 수 있습니다.
C:\Users\kimso\Desktop\oop_proj3_sowon\OOP_proj3\oop16_proj3\virtualLego.cpp(548,42): warning C4244: '인수': 'double'에서 'FLOAT'(으)로 변환하면서 데이터가 손실될 수 있습니다.
C:\Users\kimso\Desktop\oop_proj3_sowon\OOP_proj3\oop16_proj3\virtualLego.cpp(842,48): warning C4305: '인수': 'double'에서 'float'(으)로 잘립니다.
C:\Users\kimso\Desktop\oop_proj3_sowon\OOP_proj3\oop16_proj3\virtualLego.cpp(845,52): warning C4305: '인수': 'double'에서 'float'(으)로 잘립니다.
C:\Users\kimso\Desktop\oop_proj3_sowon\OOP_proj3\oop16_proj3\virtualLego.cpp(1018,1): warning C4819: 현재 코드 페이지(949)에서 표시할 수 없는 문자가 파일에 들어 있습니다. 데이터가 손실되지 않게 하려면 해당 파일을 유니코드 형식으로 저장하십시오.
C:\Users\kimso\Desktop\oop_proj3_sowon\OOP_proj3\oop16_proj3\virtualLego.cpp(1076,17): warning C4244: '=': 'int'에서 'float'(으)로 변환하면서 데이터가 손실될 수 있습니다.
C:\Users\kimso\Desktop\oop_proj3_sowon\OOP_proj3\oop16_proj3\virtualLego.cpp(1077,17): warning C4244: '=': 'int'에서 'float'(으)로 변환하면서 데이터가 손실될 수 있습니다.
  VirtualLego.vcxproj -> C:\Users\kimso\Desktop\oop_proj3_sowon\OOP_proj3\oop16_proj3\Debug\VirtualLego.exe
